<?xml version="1.0" encoding="UTF-8"?>
<!-- Generated by org.testng.reporters.JUnitReportReporter -->
<testsuite hostname="Kumar" failures="0" tests="2" name="DriverMaven.Loginmaven" time="9.846" errors="0" timestamp="2021-12-16T09:37:46 IST" skipped="0">
  <testcase classname="DriverMaven.Loginmaven" name="Forget_Password" time="2.053"/>
  <system-out/>
  <testcase classname="DriverMaven.Loginmaven" name="Login" time="7.793"/>
  <system-out/>
</testsuite> <!-- DriverMaven.Loginmaven -->
