<?xml version="1.0" encoding="UTF-8"?>
<!-- Generated by org.testng.reporters.JUnitReportReporter -->
<testsuite hostname="Kumar" failures="0" tests="1" name="TestNG.Home_Test" time="7.415" errors="0" timestamp="2021-12-19T19:14:02 IST" skipped="0">
  <testcase classname="TestNG.Home_Test" name="Logout" time="7.415"/>
  <system-out/>
</testsuite> <!-- TestNG.Home_Test -->
