<?xml version="1.0" encoding="UTF-8"?>
<!-- Generated by org.testng.reporters.JUnitReportReporter -->
<testsuite hostname="Kumar" failures="0" tests="2" name="TestNG.LoginTest" time="18.790" errors="0" timestamp="2021-12-19T19:14:02 IST" skipped="0">
  <testcase classname="TestNG.LoginTest" name="Forget_Password" time="5.943"/>
  <system-out/>
  <testcase classname="TestNG.LoginTest" name="Login" time="12.847"/>
  <system-out/>
</testsuite> <!-- TestNG.LoginTest -->
