<?xml version="1.0" encoding="UTF-8"?>
<!-- Generated by org.testng.reporters.JUnitReportReporter -->
<testsuite hostname="Kumar" failures="0" tests="3" name="TestNG.TestNG_Creation" time="0.009" errors="0" timestamp="2021-12-08T08:57:38 IST" skipped="0">
  <testcase classname="TestNG.TestNG_Creation" name="Login" time="0.006"/>
  <system-out/>
  <testcase classname="TestNG.TestNG_Creation" name="Logout" time="0.002"/>
  <system-out/>
  <testcase classname="TestNG.TestNG_Creation" name="Forgot_Password" time="0.001"/>
  <system-out/>
</testsuite> <!-- TestNG.TestNG_Creation -->
