<?xml version="1.0" encoding="UTF-8"?>
<!-- Generated by org.testng.reporters.JUnitReportReporter -->
<testsuite hostname="Kumar" failures="0" tests="1" name="ActionClass.AlertHandling" time="17.955" errors="0" timestamp="2022-01-04T11:34:42 IST" skipped="0">
  <testcase classname="ActionClass.AlertHandling" name="Launch" time="17.955"/>
  <system-out/>
</testsuite> <!-- ActionClass.AlertHandling -->
